[02-Oct-2021 23:10:26 Asia/Tokyo] PHP Notice:  Only variables should be passed by reference in /var/www/html/user/action/register.php on line 18
[04-Oct-2021 22:31:52 Asia/Tokyo] PHP Notice:  Only variables should be passed by reference in /var/www/html/user/action/register.php on line 49
[05-Oct-2021 23:46:22 Asia/Tokyo] PHP Notice:  Only variables should be passed by reference in /var/www/html/user/action/register.php on line 49
[05-Oct-2021 23:49:50 Asia/Tokyo] PHP Fatal error:  Uncaught Error: Call to undefined function getLoginUserName() in /var/www/html/memo/index.php:9
Stack trace:
#0 {main}
  thrown in /var/www/html/memo/index.php on line 9
[05-Oct-2021 23:49:59 Asia/Tokyo] PHP Fatal error:  Uncaught Error: Call to undefined function getLoginUserName() in /var/www/html/memo/index.php:9
Stack trace:
#0 {main}
  thrown in /var/www/html/memo/index.php on line 9
[05-Oct-2021 23:50:10 Asia/Tokyo] PHP Fatal error:  Uncaught Error: Call to undefined function getLoginUserName() in /var/www/html/memo/index.php:9
Stack trace:
#0 {main}
  thrown in /var/www/html/memo/index.php on line 9
[05-Oct-2021 23:50:39 Asia/Tokyo] PHP Fatal error:  Uncaught Error: Call to undefined function getLoginUserName() in /var/www/html/memo/index.php:9
Stack trace:
#0 {main}
  thrown in /var/www/html/memo/index.php on line 9
[05-Oct-2021 23:50:54 Asia/Tokyo] PHP Fatal error:  Uncaught Error: Call to undefined function getLoginUserName() in /var/www/html/memo/index.php:9
Stack trace:
#0 {main}
  thrown in /var/www/html/memo/index.php on line 9
[05-Oct-2021 23:52:50 Asia/Tokyo] PHP Fatal error:  Uncaught Error: Call to undefined function getLoginUserName() in /var/www/html/memo/index.php:9
Stack trace:
#0 {main}
  thrown in /var/www/html/memo/index.php on line 9
[05-Oct-2021 23:57:19 Asia/Tokyo] PHP Fatal error:  Uncaught Error: Call to undefined function getLoginUserName() in /var/www/html/memo/index.php:10
Stack trace:
#0 {main}
  thrown in /var/www/html/memo/index.php on line 10
[05-Oct-2021 23:59:32 Asia/Tokyo] PHP Fatal error:  Uncaught Error: Call to undefined function getLoginUserName() in /var/www/html/memo/index.php:10
Stack trace:
#0 {main}
  thrown in /var/www/html/memo/index.php on line 10
[06-Oct-2021 00:00:05 Asia/Tokyo] PHP Fatal error:  Uncaught Error: Call to undefined function getLoginUserName() in /var/www/html/memo/index.php:10
Stack trace:
#0 {main}
  thrown in /var/www/html/memo/index.php on line 10
[06-Oct-2021 12:07:57 Asia/Tokyo] PHP Fatal error:  Uncaught Error: Call to undefined function getLoginUserName() in /var/www/html/memo/index.php:10
Stack trace:
#0 {main}
  thrown in /var/www/html/memo/index.php on line 10
[06-Oct-2021 12:11:46 Asia/Tokyo] PHP Fatal error:  Uncaught Error: Call to undefined function getLoginUserName() in /var/www/html/memo/index.php:10
Stack trace:
#0 {main}
  thrown in /var/www/html/memo/index.php on line 10
[06-Oct-2021 12:14:23 Asia/Tokyo] PHP Fatal error:  Uncaught Error: Call to undefined function getLoginUserName() in /var/www/html/memo/index.php:10
Stack trace:
#0 {main}
  thrown in /var/www/html/memo/index.php on line 10
[06-Oct-2021 12:23:18 Asia/Tokyo] PHP Fatal error:  Uncaught Error: Call to undefined function getLoginUserName() in /var/www/html/memo/index.php:10
Stack trace:
#0 {main}
  thrown in /var/www/html/memo/index.php on line 10
[06-Oct-2021 12:34:14 Asia/Tokyo] PHP Fatal error:  Uncaught Error: Call to undefined function getLoginUserName() in /var/www/html/memo/index.php:10
Stack trace:
#0 {main}
  thrown in /var/www/html/memo/index.php on line 10
[06-Oct-2021 12:35:14 Asia/Tokyo] PHP Fatal error:  Uncaught Error: Call to undefined function getLoginUserName() in /var/www/html/memo/index.php:10
Stack trace:
#0 {main}
  thrown in /var/www/html/memo/index.php on line 10
